0 info it worked if it ends with ok
1 verbose cli [ 'C:\\Program Files (x86)\\nodejs\\\\node.exe',
1 verbose cli   'C:\\Program Files (x86)\\nodejs\\node_modules\\npm\\bin\\npm-cli.js',
1 verbose cli   'run',
1 verbose cli   'less' ]
2 info using npm@3.10.8
3 info using node@v0.10.33
4 verbose run-script [ 'preless', 'less', 'postless' ]
5 info lifecycle angular-quickstart@1.0.0~preless: angular-quickstart@1.0.0
6 silly lifecycle angular-quickstart@1.0.0~preless: no script for preless, continuing
7 info lifecycle angular-quickstart@1.0.0~less: angular-quickstart@1.0.0
8 verbose lifecycle angular-quickstart@1.0.0~less: unsafe-perm in lifecycle true
9 verbose lifecycle angular-quickstart@1.0.0~less: PATH: C:\Program Files (x86)\nodejs\node_modules\npm\bin\node-gyp-bin;d:\Jeremy\Desktop\Chessboard\Chessboard\node_modules\.bin;C:\ProgramData\Oracle\Java\javapath;C:\WINDOWS\system32;C:\WINDOWS;C:\WINDOWS\System32\Wbem;C:\WINDOWS\System32\WindowsPowerShell\v1.0\;C:\Program Files\Microsoft SQL Server\110\Tools\Binn\;C:\Program Files\Microsoft SQL Server\120\Tools\Binn\;C:\Program Files (x86)\Windows Kits\8.1\Windows Performance Toolkit\;C:\Program Files (x86)\Microsoft SDKs\TypeScript\1.0\;C:\Program Files (x86)\Java\jdk1.7.0_55\bin;C:\Program Files (x86)\Android\android-sdk\tools;C:\Program Files (x86)\Android\android-sdk\platform-tools;C:\apache-ant-1.9.3\bin;C:\Program Files (x86)\nodejs\;C:\Program Files (x86)\Git\cmd;C:\WINDOWS\system32;C:\WINDOWS;C:\WINDOWS\System32\Wbem;C:\WINDOWS\System32\WindowsPowerShell\v1.0\;C:\Users\Developer\.dnx\bin;C:\Program Files\Microsoft DNX\Dnvm\;C:\Program Files\Microsoft SQL Server\130\Tools\Binn\;C:\ProgramData\Oracle\Java\javapath;C:\WINDOWS\system32;C:\WINDOWS;C:\WINDOWS\System32\Wbem;C:\WINDOWS\System32\WindowsPowerShell\v1.0\;C:\Program Files\Microsoft SQL Server\110\Tools\Binn\;C:\Program Files\Microsoft SQL Server\120\Tools\Binn\;C:\Program Files (x86)\Windows Kits\8.1\Windows Performance Toolkit\;C:\Program Files (x86)\Microsoft SDKs\TypeScript\1.0\;C:\Program Files (x86)\Java\jdk1.7.0_55\bin;C:\Program Files (x86)\Android\android-sdk\tools;C:\Program Files (x86)\Android\android-sdk\platform-tools;C:\apache-ant-1.9.3\bin;C:\Program Files (x86)\nodejs\;C:\Program Files (x86)\Git\cmd;C:\Users\Developer\.dnx\bin;C:\Program Files\Microsoft DNX\Dnvm\;C:\Program Files\Microsoft SQL Server\130\Tools\Binn\;C:\Users\Developer\AppData\Local\Programs\Git\cmd;C:\Users\Developer\AppData\Local\Microsoft\WindowsApps;
10 verbose lifecycle angular-quickstart@1.0.0~less: CWD: d:\Jeremy\Desktop\Chessboard\Chessboard
11 silly lifecycle angular-quickstart@1.0.0~less: Args: [ '/d /s /c', 'lessc chessboard.less > output.css' ]
12 silly lifecycle angular-quickstart@1.0.0~less: Returned: code: 1  signal: null
13 info lifecycle angular-quickstart@1.0.0~less: Failed to exec less script
14 verbose stack Error: angular-quickstart@1.0.0 less: `lessc chessboard.less > output.css`
14 verbose stack Exit status 1
14 verbose stack     at EventEmitter.<anonymous> (C:\Program Files (x86)\nodejs\node_modules\npm\lib\utils\lifecycle.js:255:16)
14 verbose stack     at EventEmitter.emit (events.js:98:17)
14 verbose stack     at ChildProcess.<anonymous> (C:\Program Files (x86)\nodejs\node_modules\npm\lib\utils\spawn.js:40:14)
14 verbose stack     at ChildProcess.emit (events.js:98:17)
14 verbose stack     at maybeClose (child_process.js:756:16)
14 verbose stack     at Process.ChildProcess._handle.onexit (child_process.js:823:5)
15 verbose pkgid angular-quickstart@1.0.0
16 verbose cwd d:\Jeremy\Desktop\Chessboard\Chessboard\less
17 error Windows_NT 6.2.9200
18 error argv "C:\\Program Files (x86)\\nodejs\\\\node.exe" "C:\\Program Files (x86)\\nodejs\\node_modules\\npm\\bin\\npm-cli.js" "run" "less"
19 error node v0.10.33
20 error npm  v3.10.8
21 error code ELIFECYCLE
22 error angular-quickstart@1.0.0 less: `lessc chessboard.less > output.css`
22 error Exit status 1
23 error Failed at the angular-quickstart@1.0.0 less script 'lessc chessboard.less > output.css'.
23 error Make sure you have the latest version of node.js and npm installed.
23 error If you do, this is most likely a problem with the angular-quickstart package,
23 error not with npm itself.
23 error Tell the author that this fails on your system:
23 error     lessc chessboard.less > output.css
23 error You can get information on how to open an issue for this project with:
23 error     npm bugs angular-quickstart
23 error Or if that isn't available, you can get their info via:
23 error     npm owner ls angular-quickstart
23 error There is likely additional logging output above.
24 verbose exit [ 1, true ]
